<?xml version="1.0" encoding="UTF-8" ?>
<testsuite errors="0" failures="1" hostname="mattia-laptop" name="sigeol.SchedulerServletTest" tests="5" time="1.005" timestamp="2009-06-12T15:38:24">
  <properties>
[...]
</properties>
  <testcase classname="sigeol.SchedulerServletTest" name="testServletGet" time="0.421" />
  <testcase classname="sigeol.SchedulerServletTest" name="testServletNoOperation" time="0.0050" />
  <testcase classname="sigeol.SchedulerServletTest" name="testServletSJOperation" time="0.023" />
  <testcase classname="sigeol.SchedulerServletTest" name="testServletDJOperation" time="0.151">
    <failure message="expected:&lt;410&gt; but was:&lt;406&gt;" type="junit.framework.AssertionFailedError">junit.framework.AssertionFailedError: expected:&lt;410&gt; but was:&lt;406&gt;
	at sigeol.SchedulerServletTest.testServletDJOperation(SchedulerServletTest.java:142)
</failure>
  </testcase>
  <testcase classname="sigeol.SchedulerServletTest" name="testServletOtherOperation" time="0.0070" />
  <system-out><![CDATA[OP=null
OP=sj
receiving from POST: 1 -- 12-06-2009
created job_1 listener_job
created triggerListener_1 listener_trigger
OP=dj
is multipart ?? true
entro in dj
init algo
OP=other
is multipart ?? false
]]></system-out>
  <system-err><![CDATA[log4j:WARN No appenders could be found for logger (org.quartz.simpl.SimpleThreadPool).
log4j:WARN Please initialize the log4j system properly.
12-giu-2009 17.38.25 sigeol.SchedulerServlet init
INFO: null
12-giu-2009 17.38.25 sigeol.SchedulerServlet init
INFO: null
12-giu-2009 17.38.25 sigeol.SchedulerServlet doPost
GRAVE: null
12-giu-2009 17.38.25 sigeol.SchedulerServlet init
INFO: null
12-giu-2009 17.38.25 sigeol.SchedulerServlet init
INFO: null
12-giu-2009 17.38.25 sigeol.SchedulerServlet initAlgortihmJob
GRAVE: null
12-giu-2009 17.38.25 sigeol.SchedulerServlet init
INFO: null
12-giu-2009 17.38.25 sigeol.SchedulerServlet doPost
GRAVE: null
]]></system-err>
</testsuite>
